<?xml version="1.0" encoding="UTF-8"?>
<!-- Generated by org.testng.reporters.JUnitReportReporter -->
<testsuite hostname="QAP37-PC" name="testScripts.TC_002" tests="1" failures="0" timestamp="14 Jul 2018 13:06:22 GMT" time="20.417" errors="0">
  <testcase name="addEmploye" time="20.417" classname="testScripts.TC_002"/>
</testsuite> <!-- testScripts.TC_002 -->
