<?xml version="1.0" encoding="UTF-8"?>
<!-- Generated by org.testng.reporters.JUnitReportReporter -->
<testsuite hostname="QAP37-PC" name="testScripts.TC_001" tests="1" failures="0" timestamp="14 Jul 2018 07:15:49 GMT" time="11.532" errors="0">
  <testcase name="mm" time="11.532" classname="testScripts.TC_001"/>
</testsuite> <!-- testScripts.TC_001 -->
